2021-12-18 14:15:34.703 INFO [main] [reportManager.App.main(App.java:38)] - APP_STARTED
2021-12-18 14:15:34.705 INFO [main] [reportManager.App.main(App.java:39)] - APP_FINISHED
2021-12-18 14:39:06.682 INFO [main] [swingMVC.App.main(App.java:29)] - APP_STARTED
2021-12-18 14:39:06.685 INFO [main] [swingMVC.App.main(App.java:30)] - APP_FINISHED
2021-12-18 15:02:56.098 INFO [main] [swingMVC.App.main(App.java:33)] - APP_STARTED
2021-12-18 15:04:22.851 INFO [main] [swingMVC.App.main(App.java:33)] - APP_STARTED
2021-12-18 15:05:29.344 INFO [main] [swingMVC.App.main(App.java:33)] - APP_STARTED
2021-12-18 15:06:46.568 INFO [main] [swingMVC.App.main(App.java:33)] - APP_STARTED
2021-12-18 15:06:46.732 INFO [main] [swingMVC.dao.MysqlDAOFactory.createConnection(MysqlDAOFactory.java:24)] - Create_connection
2021-12-18 15:07:03.000 ERROR [main] [swingMVC.dao.MysqlDAOFactory.createConnection(MysqlDAOFactory.java:30)] - Could not create connection to database server. Attempted reconnect 3 times. Giving up.
2021-12-18 15:07:03.000 ERROR [main] [swingMVC.dao.MysqlGradeDAO.readAll(MysqlGradeDAO.java:159)] - null
2021-12-18 15:07:03.001 ERROR [main] [swingMVC.dao.MysqlGradeDAO.readAll(MysqlGradeDAO.java:164)] - null
2021-12-18 15:07:03.002 ERROR [main] [swingMVC.dao.MysqlGradeDAO.readAll(MysqlGradeDAO.java:169)] - null
2021-12-18 15:07:56.649 INFO [main] [swingMVC.App.main(App.java:33)] - APP_STARTED
2021-12-18 15:07:56.811 INFO [main] [swingMVC.dao.MysqlDAOFactory.createConnection(MysqlDAOFactory.java:24)] - Create_connection
2021-12-18 15:07:57.047 ERROR [main] [swingMVC.dao.MysqlGradeDAO.readAll(MysqlGradeDAO.java:154)] - Table 'identityiq.grade' doesn't exist
2021-12-18 15:07:57.047 ERROR [main] [swingMVC.dao.MysqlGradeDAO.readAll(MysqlGradeDAO.java:159)] - null
2021-12-18 15:07:57.053 INFO [main] [swingMVC.App.main(App.java:41)] - APP_FINISHED
2021-12-25 10:35:02.205 INFO [main] [observerDAO.App.main(App.java:24)] - APP_START
2021-12-25 10:35:02.208 INFO [main] [observerDAO.App.main(App.java:25)] - APP_FINISHED
2021-12-25 10:39:53.819 INFO [main] [observerDAO.App.main(App.java:28)] - APP_START
2021-12-25 10:39:53.823 INFO [main] [observerDAO.App.main(App.java:37)] - APP_FINISHED
2021-12-25 11:20:48.093 INFO [main] [observerDAO2.App.main(App.java:26)] - APP_START
2021-12-25 11:20:48.096 INFO [main] [observerDAO2.App.main(App.java:27)] - APP_FINISHED
2021-12-25 13:09:36.464 INFO [main] [observerDAO2.App.main(App.java:25)] - APP_START
2021-12-25 13:09:36.468 INFO [main] [observerDAO2.App.main(App.java:28)] - APP_FINISHED
2021-12-25 13:49:00.642 INFO [main] [observerDAO2.App.main(App.java:28)] - APP_START
2021-12-25 13:49:00.646 INFO [main] [observerDAO2.App.main(App.java:41)] - APP_FINISHED
2021-12-25 13:50:07.958 INFO [main] [observerDAO2.App.main(App.java:28)] - APP_START
2021-12-25 13:50:07.962 INFO [main] [observerDAO2.App.main(App.java:41)] - APP_FINISHED
2021-12-25 13:51:23.886 INFO [main] [observerDAO2.App.main(App.java:28)] - APP_START
2021-12-25 13:51:23.891 INFO [main] [observerDAO2.App.main(App.java:41)] - APP_FINISHED
2021-12-25 13:55:47.883 INFO [main] [observerDAO3.App.main(App.java:24)] - APP_START
2021-12-25 13:55:47.887 INFO [main] [observerDAO3.App.main(App.java:27)] - APP_FINISHED
2021-12-25 14:13:17.777 INFO [main] [observerDAO3.App.main(App.java:23)] - APP_STARTED
2021-12-25 14:13:17.783 INFO [main] [observerDAO3.App.main(App.java:26)] - APP_FINISHED
2021-12-25 14:14:17.779 INFO [main] [observerDAO3.App.main(App.java:23)] - APP_STARTED
2021-12-25 14:14:17.784 INFO [main] [observerDAO3.App.main(App.java:26)] - APP_FINISHED
